<?xml version="1.0" encoding="UTF-8"?>
<!-- Generated by org.testng.reporters.JUnitXMLReporter -->
<testsuite hostname="DESKTOP-JEUF35J" ignored="0" name="FirstTest" tests="4" failures="0" timestamp="26 Jun 2019 05:50:58 GMT" time="105.484" errors="0">
  <testcase name="TopupFail_CancelTransactionOnNapas" time="12.269" classname="Testcase.TCTopupATM"/>
  <testcase name="TopupFail_InputInvalidInfo3Times" time="18.551" classname="Testcase.TCTopupATM"/>
  <testcase name="TopupSuccess_WithTPbank" time="13.18" classname="Testcase.TCTopupATM"/>
  <testcase name="TopupSuccess_WithVietinbank" time="16.338" classname="Testcase.TCTopupATM"/>
</testsuite> <!-- FirstTest -->
