<?xml version="1.0" encoding="UTF-8"?>
<testng-results skipped="0" failed="0" ignored="0" total="4" passed="4">
  <reporter-output>
    <line>
      <![CDATA[Đăng nhập thành công]]>
    </line>
    <line>
      <![CDATA[Chọn nạp tiền qua ngân hàng Vietcombank]]>
    </line>
    <line>
      <![CDATA[Nhập số tiền và chọn Đồng ý]]>
    </line>
    <line>
      <![CDATA[Bên cổng Napas, chọn Hủy giao dịch]]>
    </line>
    <line>
      <![CDATA[Kiểm tra số dư ví và Trạng thái giao dịch: PASS]]>
    </line>
    <line>
      <![CDATA[Đăng nhập thành công]]>
    </line>
    <line>
      <![CDATA[Chọn nạp tiền qua ngân hàng Vietcombank]]>
    </line>
    <line>
      <![CDATA[Nhập số tiền và chọn Đồng ý]]>
    </line>
    <line>
      <![CDATA[Nhập thông tin thẻ sai 3 lần]]>
    </line>
    <line>
      <![CDATA[Kiểm tra số dư ví : PASS]]>
    </line>
    <line>
      <![CDATA[Đăng nhập thành công]]>
    </line>
    <line>
      <![CDATA[Chọn nạp tiền qua ngân hàng TP Bank]]>
    </line>
    <line>
      <![CDATA[Nhập thông tin thẻ và chọn Đồng ý]]>
    </line>
    <line>
      <![CDATA[Kiểm tra gọi sang cổng TPbank: PASS]]>
    </line>
    <line>
      <![CDATA[Đăng nhập thành công]]>
    </line>
    <line>
      <![CDATA[Chọn nạp tiền qua ngân hàng Viettin Bank]]>
    </line>
    <line>
      <![CDATA[Nhập thông tin thẻ và chọn Đồng ý]]>
    </line>
    <line>
      <![CDATA[Kiểm tra gọi sang cổng ViettinBank: PASS]]>
    </line>
  </reporter-output>
  <suite name="Suite" duration-ms="105484" started-at="2019-06-26T05:49:12Z" finished-at="2019-06-26T05:50:57Z">
    <groups>
    </groups>
    <test name="FirstTest" duration-ms="105484" started-at="2019-06-26T05:49:12Z" finished-at="2019-06-26T05:50:57Z">
      <class name="Testcase.TCTopupATM">
        <test-method status="PASS" signature="startBrowser()[pri:0, instance:Testcase.TCTopupATM@46d56d67]" name="startBrowser" is-config="true" duration-ms="11743" started-at="2019-06-26T05:49:12Z" finished-at="2019-06-26T05:49:24Z">
          <reporter-output>
          </reporter-output>
        </test-method> <!-- startBrowser -->
        <test-method status="PASS" signature="TopupFail_CancelTransactionOnNapas()[pri:0, instance:Testcase.TCTopupATM@46d56d67]" name="TopupFail_CancelTransactionOnNapas" duration-ms="12269" started-at="2019-06-26T05:49:24Z" finished-at="2019-06-26T05:49:36Z">
          <reporter-output>
            <line>
              <![CDATA[Đăng nhập thành công]]>
            </line>
            <line>
              <![CDATA[Chọn nạp tiền qua ngân hàng Vietcombank]]>
            </line>
            <line>
              <![CDATA[Nhập số tiền và chọn Đồng ý]]>
            </line>
            <line>
              <![CDATA[Bên cổng Napas, chọn Hủy giao dịch]]>
            </line>
            <line>
              <![CDATA[Kiểm tra số dư ví và Trạng thái giao dịch: PASS]]>
            </line>
          </reporter-output>
        </test-method> <!-- TopupFail_CancelTransactionOnNapas -->
        <test-method status="PASS" signature="closeBrowser()[pri:0, instance:Testcase.TCTopupATM@46d56d67]" name="closeBrowser" is-config="true" duration-ms="124" started-at="2019-06-26T05:49:36Z" finished-at="2019-06-26T05:49:36Z">
          <reporter-output>
          </reporter-output>
        </test-method> <!-- closeBrowser -->
        <test-method status="PASS" signature="startBrowser()[pri:0, instance:Testcase.TCTopupATM@46d56d67]" name="startBrowser" is-config="true" duration-ms="10169" started-at="2019-06-26T05:49:36Z" finished-at="2019-06-26T05:49:46Z">
          <reporter-output>
          </reporter-output>
        </test-method> <!-- startBrowser -->
        <test-method status="PASS" signature="TopupFail_InputInvalidInfo3Times()[pri:0, instance:Testcase.TCTopupATM@46d56d67]" name="TopupFail_InputInvalidInfo3Times" duration-ms="18551" started-at="2019-06-26T05:49:46Z" finished-at="2019-06-26T05:50:05Z">
          <reporter-output>
            <line>
              <![CDATA[Đăng nhập thành công]]>
            </line>
            <line>
              <![CDATA[Chọn nạp tiền qua ngân hàng Vietcombank]]>
            </line>
            <line>
              <![CDATA[Nhập số tiền và chọn Đồng ý]]>
            </line>
            <line>
              <![CDATA[Nhập thông tin thẻ sai 3 lần]]>
            </line>
            <line>
              <![CDATA[Kiểm tra số dư ví : PASS]]>
            </line>
          </reporter-output>
        </test-method> <!-- TopupFail_InputInvalidInfo3Times -->
        <test-method status="PASS" signature="closeBrowser()[pri:0, instance:Testcase.TCTopupATM@46d56d67]" name="closeBrowser" is-config="true" duration-ms="89" started-at="2019-06-26T05:50:05Z" finished-at="2019-06-26T05:50:05Z">
          <reporter-output>
          </reporter-output>
        </test-method> <!-- closeBrowser -->
        <test-method status="PASS" signature="startBrowser()[pri:0, instance:Testcase.TCTopupATM@46d56d67]" name="startBrowser" is-config="true" duration-ms="12579" started-at="2019-06-26T05:50:05Z" finished-at="2019-06-26T05:50:18Z">
          <reporter-output>
          </reporter-output>
        </test-method> <!-- startBrowser -->
        <test-method status="PASS" signature="TopupSuccess_WithTPbank()[pri:0, instance:Testcase.TCTopupATM@46d56d67]" name="TopupSuccess_WithTPbank" duration-ms="13180" started-at="2019-06-26T05:50:18Z" finished-at="2019-06-26T05:50:31Z">
          <reporter-output>
            <line>
              <![CDATA[Đăng nhập thành công]]>
            </line>
            <line>
              <![CDATA[Chọn nạp tiền qua ngân hàng TP Bank]]>
            </line>
            <line>
              <![CDATA[Nhập thông tin thẻ và chọn Đồng ý]]>
            </line>
            <line>
              <![CDATA[Kiểm tra gọi sang cổng TPbank: PASS]]>
            </line>
          </reporter-output>
        </test-method> <!-- TopupSuccess_WithTPbank -->
        <test-method status="PASS" signature="closeBrowser()[pri:0, instance:Testcase.TCTopupATM@46d56d67]" name="closeBrowser" is-config="true" duration-ms="80" started-at="2019-06-26T05:50:31Z" finished-at="2019-06-26T05:50:31Z">
          <reporter-output>
          </reporter-output>
        </test-method> <!-- closeBrowser -->
        <test-method status="PASS" signature="startBrowser()[pri:0, instance:Testcase.TCTopupATM@46d56d67]" name="startBrowser" is-config="true" duration-ms="10245" started-at="2019-06-26T05:50:31Z" finished-at="2019-06-26T05:50:41Z">
          <reporter-output>
          </reporter-output>
        </test-method> <!-- startBrowser -->
        <test-method status="PASS" signature="TopupSuccess_WithVietinbank()[pri:0, instance:Testcase.TCTopupATM@46d56d67]" name="TopupSuccess_WithVietinbank" duration-ms="16338" started-at="2019-06-26T05:50:41Z" finished-at="2019-06-26T05:50:57Z">
          <reporter-output>
            <line>
              <![CDATA[Đăng nhập thành công]]>
            </line>
            <line>
              <![CDATA[Chọn nạp tiền qua ngân hàng Viettin Bank]]>
            </line>
            <line>
              <![CDATA[Nhập thông tin thẻ và chọn Đồng ý]]>
            </line>
            <line>
              <![CDATA[Kiểm tra gọi sang cổng ViettinBank: PASS]]>
            </line>
          </reporter-output>
        </test-method> <!-- TopupSuccess_WithVietinbank -->
        <test-method status="PASS" signature="closeBrowser()[pri:0, instance:Testcase.TCTopupATM@46d56d67]" name="closeBrowser" is-config="true" duration-ms="81" started-at="2019-06-26T05:50:57Z" finished-at="2019-06-26T05:50:57Z">
          <reporter-output>
          </reporter-output>
        </test-method> <!-- closeBrowser -->
      </class> <!-- Testcase.TCTopupATM -->
    </test> <!-- FirstTest -->
  </suite> <!-- Suite -->
</testng-results>
