<?xml version="1.0" encoding="UTF-8"?>
<!-- Generated by org.testng.reporters.JUnitXMLReporter -->
<testsuite hostname="DESKTOP-JEUF35J" ignored="0" name="Check Topupfail" tests="2" failures="1" timestamp="08 Jun 2019 08:12:31 GMT" time="26.436" errors="0">
  <testcase name="LoginSuccess" time="6.934" classname="Testcase.TCLogin"/>
  <testcase name="TopupFail_InputInvalidInfo3Times" time="0.004" classname="Testcase.TCTopupATM">
    <failure type="java.lang.NullPointerException">
      <![CDATA[java.lang.NullPointerException
at org.openqa.selenium.support.pagefactory.DefaultElementLocator.findElement(DefaultElementLocator.java:69)
at org.openqa.selenium.support.pagefactory.internal.LocatingElementHandler.invoke(LocatingElementHandler.java:38)
at com.sun.proxy.$Proxy9.click(Unknown Source)
at PagesModel.HomePage.chooseTransactions(HomePage.java:28)
at Testcase.TCTopupATM.TopupFail_InputInvalidInfo3Times(TCTopupATM.java:25)
... Removed 25 stack frames]]>
    </failure>
  </testcase> <!-- TopupFail_InputInvalidInfo3Times -->
</testsuite> <!-- Check Topupfail -->
