<?xml version="1.0" encoding="UTF-8"?>
<!-- Generated by org.testng.reporters.JUnitXMLReporter -->
<testsuite hostname="DESKTOP-JEUF35J" ignored="0" name="FirstTest" tests="1" failures="1" timestamp="20 Jun 2019 06:12:38 GMT" time="25.893" errors="0">
  <testcase name="TopupFail_InputInvalidInfo3Times" time="14.795" classname="Testcase.TCTopupATM">
    <failure type="java.lang.AssertionError" message="expected [Đang xử lý] but found [Lỗi ngân hàng]">
      <![CDATA[java.lang.AssertionError: expected [Đang xử lý] but found [Lỗi ngân hàng]
at Testcase.TCTopupATM.TopupFail_InputInvalidInfo3Times(TCTopupATM.java:64)
... Removed 31 stack frames]]>
    </failure>
  </testcase> <!-- TopupFail_InputInvalidInfo3Times -->
</testsuite> <!-- FirstTest -->
